[0.013s] Invoking command in '/home/isa/ros2_ws/build/more_interfaces': CMAKE_PREFIX_PATH=${CMAKE_PREFIX_PATH}:/home/isa/ros2_ws/install/launch_testing_examples:/home/isa/ros2_ws/install/examples_rclpy_pointcloud_publisher:/home/isa/ros2_ws/install/examples_rclpy_minimal_subscriber:/home/isa/ros2_ws/install/examples_rclpy_minimal_service:/home/isa/ros2_ws/install/examples_rclpy_minimal_publisher:/home/isa/ros2_ws/install/examples_rclpy_minimal_client:/home/isa/ros2_ws/install/examples_rclpy_minimal_action_server:/home/isa/ros2_ws/install/examples_rclpy_minimal_action_client:/home/isa/ros2_ws/install/examples_rclpy_guard_conditions:/home/isa/ros2_ws/install/examples_rclpy_executors:/opt/ros/iron /usr/bin/cmake --build /home/isa/ros2_ws/build/more_interfaces -- -j8 -l8
[0.051s] [  2%] Built target more_interfaces__rosidl_generator_type_description
[0.059s] [  2%] Built target ament_cmake_python_copy_more_interfaces
[0.067s] [  5%] Built target more_interfaces__cpp
[0.068s] [ 19%] Built target more_interfaces__rosidl_generator_c
[0.094s] [ 27%] Built target more_interfaces__rosidl_typesupport_introspection_c
[0.095s] [ 36%] Built target more_interfaces__rosidl_typesupport_fastrtps_c
[0.096s] [ 44%] Built target more_interfaces__rosidl_typesupport_c
[0.097s] [ 52%] Built target more_interfaces__rosidl_typesupport_cpp
[0.098s] [ 69%] Built target more_interfaces__rosidl_typesupport_introspection_cpp
[0.098s] [ 69%] Built target more_interfaces__rosidl_typesupport_fastrtps_cpp
[0.107s] [35m[1mConsolidate compiler generated dependencies of target publish_address_book[0m
[0.115s] [ 69%] Built target more_interfaces
[0.124s] [ 72%] [32mBuilding CXX object CMakeFiles/publish_address_book.dir/src/publish_address_book.cpp.o[0m
[0.133s] [ 75%] Built target more_interfaces__py
[0.152s] [ 80%] Built target more_interfaces__rosidl_generator_py
[0.173s] [ 86%] Built target more_interfaces__rosidl_typesupport_introspection_c__pyext
[0.174s] [ 91%] Built target more_interfaces__rosidl_typesupport_c__pyext
[0.181s] [ 97%] Built target more_interfaces__rosidl_typesupport_fastrtps_c__pyext
[0.301s] running egg_info
[0.301s] writing more_interfaces.egg-info/PKG-INFO
[0.302s] writing dependency_links to more_interfaces.egg-info/dependency_links.txt
[0.302s] writing top-level names to more_interfaces.egg-info/top_level.txt
[0.303s] reading manifest file 'more_interfaces.egg-info/SOURCES.txt'
[0.304s] writing manifest file 'more_interfaces.egg-info/SOURCES.txt'
[0.324s] [ 97%] Built target ament_cmake_python_build_more_interfaces_egg
[2.185s] [01m[K/home/isa/ros2_ws/src/more_interfaces/src/publish_address_book.cpp:[m[K In lambda function:
[2.185s] [01m[K/home/isa/ros2_ws/src/more_interfaces/src/publish_address_book.cpp:21:6:[m[K [01;31m[Kerror: [m[Kâ€˜[01m[Krosidl_tutorials_msgs[m[Kâ€™ has not been declared
[2.185s]    21 |      [01;31m[Krosidl_tutorials_msgs[m[K::msg::Contact contact;
[2.185s]       |      [01;31m[K^~~~~~~~~~~~~~~~~~~~~[m[K
[2.190s] [01m[K/home/isa/ros2_ws/src/more_interfaces/src/publish_address_book.cpp:22:6:[m[K [01;31m[Kerror: [m[Kâ€˜[01m[Kcontact[m[Kâ€™ was not declared in this scope
[2.190s]    22 |      [01;31m[Kcontact[m[K.first_name = "John";
[2.190s]       |      [01;31m[K^~~~~~~[m[K
[2.195s] [01m[K/home/isa/ros2_ws/src/more_interfaces/src/publish_address_book.cpp:25:27:[m[K [01;31m[Kerror: [m[Kâ€˜[01m[Kmessage[m[Kâ€™ was not declared in this scope
[2.195s]    25 |      contact.phone_type = [01;31m[Kmessage[m[K.PHONE_TYPE_MOBILE;
[2.195s]       |                           [01;31m[K^~~~~~~[m[K
[2.195s] [01m[K/home/isa/ros2_ws/src/more_interfaces/src/publish_address_book.cpp:26:11:[m[K [01;31m[Kerror: [m[Kâ€˜[01m[Kusing element_type = struct more_interfaces::msg::AddressBook_<std::allocator<void> >[m[Kâ€™ {aka â€˜[01m[Kstruct more_interfaces::msg::AddressBook_<std::allocator<void> >[m[Kâ€™} has no member named â€˜[01m[Kaddress_book[m[Kâ€™; did you mean â€˜[01m[KAddressBook_[m[Kâ€™?
[2.195s]    26 |      msg->[01;31m[Kaddress_book[m[K.push_back(contact);
[2.195s]       |           [01;31m[K^~~~~~~~~~~~[m[K
[2.195s]       |           [32m[KAddressBook_[m[K
[2.195s] [01m[K/home/isa/ros2_ws/src/more_interfaces/src/publish_address_book.cpp:29:6:[m[K [01;31m[Kerror: [m[Kâ€˜[01m[Krosidl_tutorials_msgs[m[Kâ€™ has not been declared
[2.195s]    29 |      [01;31m[Krosidl_tutorials_msgs[m[K::msg::Contact contact;
[2.196s]       |      [01;31m[K^~~~~~~~~~~~~~~~~~~~~[m[K
[2.200s] [01m[K/home/isa/ros2_ws/src/more_interfaces/src/publish_address_book.cpp:30:6:[m[K [01;31m[Kerror: [m[Kâ€˜[01m[Kcontact[m[Kâ€™ was not declared in this scope
[2.200s]    30 |      [01;31m[Kcontact[m[K.first_name = "Jane";
[2.200s]       |      [01;31m[K^~~~~~~[m[K
[2.205s] [01m[K/home/isa/ros2_ws/src/more_interfaces/src/publish_address_book.cpp:33:27:[m[K [01;31m[Kerror: [m[Kâ€˜[01m[Kmessage[m[Kâ€™ was not declared in this scope
[2.205s]    33 |      contact.phone_type = [01;31m[Kmessage[m[K.PHONE_TYPE_HOME;
[2.205s]       |                           [01;31m[K^~~~~~~[m[K
[2.205s] [01m[K/home/isa/ros2_ws/src/more_interfaces/src/publish_address_book.cpp:34:11:[m[K [01;31m[Kerror: [m[Kâ€˜[01m[Kusing element_type = struct more_interfaces::msg::AddressBook_<std::allocator<void> >[m[Kâ€™ {aka â€˜[01m[Kstruct more_interfaces::msg::AddressBook_<std::allocator<void> >[m[Kâ€™} has no member named â€˜[01m[Kaddress_book[m[Kâ€™; did you mean â€˜[01m[KAddressBook_[m[Kâ€™?
[2.205s]    34 |      msg->[01;31m[Kaddress_book[m[K.push_back(contact);
[2.205s]       |           [01;31m[K^~~~~~~~~~~~[m[K
[2.205s]       |           [32m[KAddressBook_[m[K
[2.205s] [01m[K/home/isa/ros2_ws/src/more_interfaces/src/publish_address_book.cpp:38:29:[m[K [01;31m[Kerror: [m[Kâ€˜[01m[Kusing element_type = struct more_interfaces::msg::AddressBook_<std::allocator<void> >[m[Kâ€™ {aka â€˜[01m[Kstruct more_interfaces::msg::AddressBook_<std::allocator<void> >[m[Kâ€™} has no member named â€˜[01m[Kaddress_book[m[Kâ€™; did you mean â€˜[01m[KAddressBook_[m[Kâ€™?
[2.205s]    38 |    for (auto contact : msg->[01;31m[Kaddress_book[m[K) {
[2.205s]       |                             [01;31m[K^~~~~~~~~~~~[m[K
[2.205s]       |                             [32m[KAddressBook_[m[K
[3.152s] gmake[2]: *** [CMakeFiles/publish_address_book.dir/build.make:76: CMakeFiles/publish_address_book.dir/src/publish_address_book.cpp.o] Error 1
[3.152s] gmake[1]: *** [CMakeFiles/Makefile2:625: CMakeFiles/publish_address_book.dir/all] Error 2
[3.152s] gmake: *** [Makefile:146: all] Error 2
[3.154s] Invoked command in '/home/isa/ros2_ws/build/more_interfaces' returned '2': CMAKE_PREFIX_PATH=${CMAKE_PREFIX_PATH}:/home/isa/ros2_ws/install/launch_testing_examples:/home/isa/ros2_ws/install/examples_rclpy_pointcloud_publisher:/home/isa/ros2_ws/install/examples_rclpy_minimal_subscriber:/home/isa/ros2_ws/install/examples_rclpy_minimal_service:/home/isa/ros2_ws/install/examples_rclpy_minimal_publisher:/home/isa/ros2_ws/install/examples_rclpy_minimal_client:/home/isa/ros2_ws/install/examples_rclpy_minimal_action_server:/home/isa/ros2_ws/install/examples_rclpy_minimal_action_client:/home/isa/ros2_ws/install/examples_rclpy_guard_conditions:/home/isa/ros2_ws/install/examples_rclpy_executors:/opt/ros/iron /usr/bin/cmake --build /home/isa/ros2_ws/build/more_interfaces -- -j8 -l8
