[0.000000] (-) TimerEvent: {}
[0.000084] (-) JobUnselected: {'identifier': 'cpp_srvcli'}
[0.000123] (-) JobUnselected: {'identifier': 'examples_rclcpp_async_client'}
[0.000163] (-) JobUnselected: {'identifier': 'examples_rclcpp_cbg_executor'}
[0.000187] (-) JobUnselected: {'identifier': 'examples_rclcpp_minimal_action_client'}
[0.000205] (-) JobUnselected: {'identifier': 'examples_rclcpp_minimal_action_server'}
[0.000219] (-) JobUnselected: {'identifier': 'examples_rclcpp_minimal_client'}
[0.000241] (-) JobUnselected: {'identifier': 'examples_rclcpp_minimal_composition'}
[0.000262] (-) JobUnselected: {'identifier': 'examples_rclcpp_minimal_publisher'}
[0.000281] (-) JobUnselected: {'identifier': 'examples_rclcpp_minimal_service'}
[0.000543] (-) JobUnselected: {'identifier': 'examples_rclcpp_minimal_subscriber'}
[0.000557] (-) JobUnselected: {'identifier': 'examples_rclcpp_minimal_timer'}
[0.000618] (-) JobUnselected: {'identifier': 'examples_rclcpp_multithreaded_executor'}
[0.000631] (-) JobUnselected: {'identifier': 'examples_rclcpp_wait_set'}
[0.000644] (-) JobUnselected: {'identifier': 'examples_rclpy_executors'}
[0.000657] (-) JobUnselected: {'identifier': 'examples_rclpy_guard_conditions'}
[0.000672] (-) JobUnselected: {'identifier': 'examples_rclpy_minimal_action_client'}
[0.000684] (-) JobUnselected: {'identifier': 'examples_rclpy_minimal_action_server'}
[0.000697] (-) JobUnselected: {'identifier': 'examples_rclpy_minimal_client'}
[0.000721] (-) JobUnselected: {'identifier': 'examples_rclpy_minimal_publisher'}
[0.000743] (-) JobUnselected: {'identifier': 'examples_rclpy_minimal_service'}
[0.000957] (-) JobUnselected: {'identifier': 'examples_rclpy_minimal_subscriber'}
[0.000970] (-) JobUnselected: {'identifier': 'examples_rclpy_pointcloud_publisher'}
[0.000983] (-) JobUnselected: {'identifier': 'launch_testing_examples'}
[0.001041] (-) JobUnselected: {'identifier': 'my_package'}
[0.001054] (-) JobUnselected: {'identifier': 'turtlesim'}
[0.001069] (-) JobUnselected: {'identifier': 'tutorial_interfaces'}
[0.001090] (cpp_pubsub) JobQueued: {'identifier': 'cpp_pubsub', 'dependencies': OrderedDict([('tutorial_interfaces', '/home/isa/ros2_ws/install/tutorial_interfaces')])}
[0.001114] (cpp_pubsub) JobStarted: {'identifier': 'cpp_pubsub'}
[0.012131] (cpp_pubsub) JobProgress: {'identifier': 'cpp_pubsub', 'progress': 'cmake'}
[0.013106] (cpp_pubsub) JobProgress: {'identifier': 'cpp_pubsub', 'progress': 'build'}
[0.013882] (cpp_pubsub) Command: {'cmd': ['/usr/bin/cmake', '--build', '/home/isa/ros2_ws/build/cpp_pubsub', '--', '-j8', '-l8'], 'cwd': '/home/isa/ros2_ws/build/cpp_pubsub', 'env': OrderedDict([('LESSOPEN', '| /usr/bin/lesspipe %s'), ('USER', 'isa'), ('LC_TIME', 'es_VE.UTF-8'), ('XDG_SESSION_TYPE', 'wayland'), ('SHLVL', '1'), ('LD_LIBRARY_PATH', '/home/isa/ros2_ws/install/tutorial_interfaces/lib:/home/isa/ros2_ws/install/turtlesim/lib:/home/isa/ros2_ws/install/examples_rclcpp_wait_set/lib:/home/isa/ros2_ws/install/examples_rclcpp_minimal_subscriber/lib:/home/isa/ros2_ws/install/examples_rclcpp_minimal_composition/lib:/opt/ros/iron/opt/rviz_ogre_vendor/lib:/opt/ros/iron/lib/x86_64-linux-gnu:/opt/ros/iron/lib'), ('HOME', '/home/isa'), ('OLDPWD', '/home/isa'), ('DESKTOP_SESSION', 'ubuntu'), ('ROS_PYTHON_VERSION', '3'), ('GNOME_SHELL_SESSION_MODE', 'ubuntu'), ('GTK_MODULES', 'gail:atk-bridge'), ('LC_MONETARY', 'es_VE.UTF-8'), ('SYSTEMD_EXEC_PID', '1719'), ('DBUS_SESSION_BUS_ADDRESS', 'unix:path=/run/user/1000/bus'), ('COLORTERM', 'truecolor'), ('_colcon_cd_root', '/opt/ros/iron/'), ('IM_CONFIG_PHASE', '1'), ('WAYLAND_DISPLAY', 'wayland-0'), ('COLCON_PREFIX_PATH', '/home/isa/ros2_ws/install'), ('ROS_DISTRO', 'iron'), ('LOGNAME', 'isa'), ('_', '/usr/bin/colcon'), ('ROS_VERSION', '2'), ('XDG_SESSION_CLASS', 'user'), ('USERNAME', 'isa'), ('TERM', 'xterm-256color'), ('GNOME_DESKTOP_SESSION_ID', 'this-is-deprecated'), ('PATH', '/opt/ros/iron/bin:/usr/local/sbin:/usr/local/bin:/usr/sbin:/usr/bin:/sbin:/bin:/usr/games:/usr/local/games:/snap/bin:/snap/bin'), ('SESSION_MANAGER', 'local/isa-HP-ENVY-Laptop-13-aq0xxx:@/tmp/.ICE-unix/1697,unix/isa-HP-ENVY-Laptop-13-aq0xxx:/tmp/.ICE-unix/1697'), ('XDG_MENU_PREFIX', 'gnome-'), ('LC_ADDRESS', 'es_VE.UTF-8'), ('GNOME_TERMINAL_SCREEN', '/org/gnome/Terminal/screen/7c11a735_1c8f_4b1e_997d_06a111dc2539'), ('GNOME_SETUP_DISPLAY', ':1'), ('XDG_RUNTIME_DIR', '/run/user/1000'), ('DISPLAY', ':0'), ('LANG', 'en_US.UTF-8'), ('XDG_CURRENT_DESKTOP', 'ubuntu:GNOME'), ('LC_TELEPHONE', 'es_VE.UTF-8'), ('XMODIFIERS', '@im=ibus'), ('XDG_SESSION_DESKTOP', 'ubuntu'), ('XAUTHORITY', '/run/user/1000/.mutter-Xwaylandauth.2PI461'), ('LS_COLORS', 'rs=0:di=01;34:ln=01;36:mh=00:pi=40;33:so=01;35:do=01;35:bd=40;33;01:cd=40;33;01:or=40;31;01:mi=00:su=37;41:sg=30;43:ca=30;41:tw=30;42:ow=34;42:st=37;44:ex=01;32:*.tar=01;31:*.tgz=01;31:*.arc=01;31:*.arj=01;31:*.taz=01;31:*.lha=01;31:*.lz4=01;31:*.lzh=01;31:*.lzma=01;31:*.tlz=01;31:*.txz=01;31:*.tzo=01;31:*.t7z=01;31:*.zip=01;31:*.z=01;31:*.dz=01;31:*.gz=01;31:*.lrz=01;31:*.lz=01;31:*.lzo=01;31:*.xz=01;31:*.zst=01;31:*.tzst=01;31:*.bz2=01;31:*.bz=01;31:*.tbz=01;31:*.tbz2=01;31:*.tz=01;31:*.deb=01;31:*.rpm=01;31:*.jar=01;31:*.war=01;31:*.ear=01;31:*.sar=01;31:*.rar=01;31:*.alz=01;31:*.ace=01;31:*.zoo=01;31:*.cpio=01;31:*.7z=01;31:*.rz=01;31:*.cab=01;31:*.wim=01;31:*.swm=01;31:*.dwm=01;31:*.esd=01;31:*.jpg=01;35:*.jpeg=01;35:*.mjpg=01;35:*.mjpeg=01;35:*.gif=01;35:*.bmp=01;35:*.pbm=01;35:*.pgm=01;35:*.ppm=01;35:*.tga=01;35:*.xbm=01;35:*.xpm=01;35:*.tif=01;35:*.tiff=01;35:*.png=01;35:*.svg=01;35:*.svgz=01;35:*.mng=01;35:*.pcx=01;35:*.mov=01;35:*.mpg=01;35:*.mpeg=01;35:*.m2v=01;35:*.mkv=01;35:*.webm=01;35:*.webp=01;35:*.ogm=01;35:*.mp4=01;35:*.m4v=01;35:*.mp4v=01;35:*.vob=01;35:*.qt=01;35:*.nuv=01;35:*.wmv=01;35:*.asf=01;35:*.rm=01;35:*.rmvb=01;35:*.flc=01;35:*.avi=01;35:*.fli=01;35:*.flv=01;35:*.gl=01;35:*.dl=01;35:*.xcf=01;35:*.xwd=01;35:*.yuv=01;35:*.cgm=01;35:*.emf=01;35:*.ogv=01;35:*.ogx=01;35:*.aac=00;36:*.au=00;36:*.flac=00;36:*.m4a=00;36:*.mid=00;36:*.midi=00;36:*.mka=00;36:*.mp3=00;36:*.mpc=00;36:*.ogg=00;36:*.ra=00;36:*.wav=00;36:*.oga=00;36:*.opus=00;36:*.spx=00;36:*.xspf=00;36:'), ('GNOME_TERMINAL_SERVICE', ':1.108'), ('SSH_AGENT_LAUNCHER', 'gnome-keyring'), ('SSH_AUTH_SOCK', '/run/user/1000/keyring/ssh'), ('AMENT_PREFIX_PATH', '/home/isa/ros2_ws/install/tutorial_interfaces:/home/isa/ros2_ws/install/turtlesim:/home/isa/ros2_ws/install/my_package:/home/isa/ros2_ws/install/launch_testing_examples:/home/isa/ros2_ws/install/examples_rclpy_pointcloud_publisher:/home/isa/ros2_ws/install/examples_rclpy_minimal_subscriber:/home/isa/ros2_ws/install/examples_rclpy_minimal_service:/home/isa/ros2_ws/install/examples_rclpy_minimal_publisher:/home/isa/ros2_ws/install/examples_rclpy_minimal_client:/home/isa/ros2_ws/install/examples_rclpy_minimal_action_server:/home/isa/ros2_ws/install/examples_rclpy_minimal_action_client:/home/isa/ros2_ws/install/examples_rclpy_guard_conditions:/home/isa/ros2_ws/install/examples_rclpy_executors:/home/isa/ros2_ws/install/examples_rclcpp_wait_set:/home/isa/ros2_ws/install/examples_rclcpp_multithreaded_executor:/home/isa/ros2_ws/install/examples_rclcpp_minimal_timer:/home/isa/ros2_ws/install/examples_rclcpp_minimal_subscriber:/home/isa/ros2_ws/install/examples_rclcpp_minimal_service:/home/isa/ros2_ws/install/examples_rclcpp_minimal_publisher:/home/isa/ros2_ws/install/examples_rclcpp_minimal_composition:/home/isa/ros2_ws/install/examples_rclcpp_minimal_client:/home/isa/ros2_ws/install/examples_rclcpp_minimal_action_server:/home/isa/ros2_ws/install/examples_rclcpp_minimal_action_client:/home/isa/ros2_ws/install/examples_rclcpp_cbg_executor:/home/isa/ros2_ws/install/examples_rclcpp_async_client:/home/isa/ros2_ws/install/cpp_srvcli:/home/isa/ros2_ws/install/cpp_pubsub:/opt/ros/iron'), ('SHELL', '/bin/bash'), ('LC_NAME', 'es_VE.UTF-8'), ('QT_ACCESSIBILITY', '1'), ('GDMSESSION', 'ubuntu'), ('LESSCLOSE', '/usr/bin/lesspipe %s %s'), ('LC_MEASUREMENT', 'es_VE.UTF-8'), ('LC_IDENTIFICATION', 'es_VE.UTF-8'), ('ROS_AUTOMATIC_DISCOVERY_RANGE', 'SUBNET'), ('QT_IM_MODULE', 'ibus'), ('PWD', '/home/isa/ros2_ws/build/cpp_pubsub'), ('LC_ALL', 'en_US.UTF-8'), ('XDG_CONFIG_DIRS', '/etc/xdg/xdg-ubuntu:/etc/xdg'), ('XDG_DATA_DIRS', '/usr/share/ubuntu:/usr/local/share/:/usr/share/:/var/lib/snapd/desktop'), ('PYTHONPATH', '/home/isa/ros2_ws/install/tutorial_interfaces/lib/python3.10/site-packages:/home/isa/ros2_ws/install/turtlesim/lib/python3.10/site-packages:/home/isa/ros2_ws/install/launch_testing_examples/lib/python3.10/site-packages:/home/isa/ros2_ws/install/examples_rclpy_pointcloud_publisher/lib/python3.10/site-packages:/home/isa/ros2_ws/install/examples_rclpy_minimal_subscriber/lib/python3.10/site-packages:/home/isa/ros2_ws/install/examples_rclpy_minimal_service/lib/python3.10/site-packages:/home/isa/ros2_ws/install/examples_rclpy_minimal_publisher/lib/python3.10/site-packages:/home/isa/ros2_ws/install/examples_rclpy_minimal_client/lib/python3.10/site-packages:/home/isa/ros2_ws/install/examples_rclpy_minimal_action_server/lib/python3.10/site-packages:/home/isa/ros2_ws/install/examples_rclpy_minimal_action_client/lib/python3.10/site-packages:/home/isa/ros2_ws/install/examples_rclpy_guard_conditions/lib/python3.10/site-packages:/home/isa/ros2_ws/install/examples_rclpy_executors/lib/python3.10/site-packages:/opt/ros/iron/lib/python3.10/site-packages'), ('LC_NUMERIC', 'es_VE.UTF-8'), ('LC_PAPER', 'es_VE.UTF-8'), ('COLCON', '1'), ('VTE_VERSION', '6800'), ('CMAKE_PREFIX_PATH', '/home/isa/ros2_ws/install/tutorial_interfaces:/home/isa/ros2_ws/install/turtlesim:/home/isa/ros2_ws/install/my_package:/home/isa/ros2_ws/install/examples_rclcpp_wait_set:/home/isa/ros2_ws/install/examples_rclcpp_multithreaded_executor:/home/isa/ros2_ws/install/examples_rclcpp_minimal_timer:/home/isa/ros2_ws/install/examples_rclcpp_minimal_subscriber:/home/isa/ros2_ws/install/examples_rclcpp_minimal_service:/home/isa/ros2_ws/install/examples_rclcpp_minimal_publisher:/home/isa/ros2_ws/install/examples_rclcpp_minimal_composition:/home/isa/ros2_ws/install/examples_rclcpp_minimal_client:/home/isa/ros2_ws/install/examples_rclcpp_minimal_action_server:/home/isa/ros2_ws/install/examples_rclcpp_minimal_action_client:/home/isa/ros2_ws/install/examples_rclcpp_cbg_executor:/home/isa/ros2_ws/install/examples_rclcpp_async_client:/home/isa/ros2_ws/install/cpp_srvcli:/home/isa/ros2_ws/install/cpp_pubsub:/home/isa/ros2_ws/install/launch_testing_examples:/home/isa/ros2_ws/install/examples_rclpy_pointcloud_publisher:/home/isa/ros2_ws/install/examples_rclpy_minimal_subscriber:/home/isa/ros2_ws/install/examples_rclpy_minimal_service:/home/isa/ros2_ws/install/examples_rclpy_minimal_publisher:/home/isa/ros2_ws/install/examples_rclpy_minimal_client:/home/isa/ros2_ws/install/examples_rclpy_minimal_action_server:/home/isa/ros2_ws/install/examples_rclpy_minimal_action_client:/home/isa/ros2_ws/install/examples_rclpy_guard_conditions:/home/isa/ros2_ws/install/examples_rclpy_executors:/opt/ros/iron')]), 'shell': False}
[0.037844] (cpp_pubsub) StdoutLine: {'line': b'-- Found ament_cmake: 2.0.2 (/opt/ros/iron/share/ament_cmake/cmake)\n'}
[0.099280] (-) TimerEvent: {}
[0.154328] (cpp_pubsub) StdoutLine: {'line': b'-- Found rclcpp: 21.0.1 (/opt/ros/iron/share/rclcpp/cmake)\n'}
[0.180883] (cpp_pubsub) StdoutLine: {'line': b'-- Found rosidl_generator_c: 4.0.0 (/opt/ros/iron/share/rosidl_generator_c/cmake)\n'}
[0.187636] (cpp_pubsub) StdoutLine: {'line': b'-- Found rosidl_generator_cpp: 4.0.0 (/opt/ros/iron/share/rosidl_generator_cpp/cmake)\n'}
[0.198330] (cpp_pubsub) StdoutLine: {'line': b'-- Using all available rosidl_typesupport_c: rosidl_typesupport_fastrtps_c;rosidl_typesupport_introspection_c\n'}
[0.199372] (-) TimerEvent: {}
[0.211595] (cpp_pubsub) StdoutLine: {'line': b'-- Using all available rosidl_typesupport_cpp: rosidl_typesupport_fastrtps_cpp;rosidl_typesupport_introspection_cpp\n'}
[0.299500] (-) TimerEvent: {}
[0.348292] (cpp_pubsub) StdoutLine: {'line': b'-- Found rmw_implementation_cmake: 7.1.0 (/opt/ros/iron/share/rmw_implementation_cmake/cmake)\n'}
[0.350750] (cpp_pubsub) StdoutLine: {'line': b'-- Found rmw_fastrtps_cpp: 7.1.1 (/opt/ros/iron/share/rmw_fastrtps_cpp/cmake)\n'}
[0.399600] (-) TimerEvent: {}
[0.467310] (cpp_pubsub) StdoutLine: {'line': b"-- Using RMW implementation 'rmw_fastrtps_cpp' as default\n"}
[0.499700] (-) TimerEvent: {}
[0.599927] (-) TimerEvent: {}
[0.614904] (cpp_pubsub) StdoutLine: {'line': b'-- Found std_msgs: 5.0.0 (/opt/ros/iron/share/std_msgs/cmake)\n'}
[0.643726] (cpp_pubsub) StdoutLine: {'line': b'-- Found ament_lint_auto: 0.14.1 (/opt/ros/iron/share/ament_lint_auto/cmake)\n'}
[0.697883] (cpp_pubsub) StdoutLine: {'line': b"-- Added test 'cppcheck' to perform static code analysis on C / C++ code\n"}
[0.698189] (cpp_pubsub) StdoutLine: {'line': b'-- Configured cppcheck include dirs: \n'}
[0.698274] (cpp_pubsub) StdoutLine: {'line': b'-- Configured cppcheck exclude dirs and/or files: \n'}
[0.698546] (cpp_pubsub) StdoutLine: {'line': b"-- Added test 'lint_cmake' to check CMake code style\n"}
[0.699261] (cpp_pubsub) StdoutLine: {'line': b"-- Added test 'uncrustify' to check C / C++ code style\n"}
[0.699331] (cpp_pubsub) StdoutLine: {'line': b'-- Configured uncrustify additional arguments: \n'}
[0.699578] (cpp_pubsub) StdoutLine: {'line': b"-- Added test 'xmllint' to check XML markup files\n"}
[0.700009] (-) TimerEvent: {}
[0.700532] (cpp_pubsub) StdoutLine: {'line': b'-- Configuring done\n'}
[0.712965] (cpp_pubsub) StdoutLine: {'line': b'-- Generating done\n'}
[0.714261] (cpp_pubsub) StdoutLine: {'line': b'-- Build files have been written to: /home/isa/ros2_ws/build/cpp_pubsub\n'}
[0.734233] (cpp_pubsub) StdoutLine: {'line': b'\x1b[35m\x1b[1mConsolidate compiler generated dependencies of target talker\x1b[0m\n'}
[0.734359] (cpp_pubsub) StdoutLine: {'line': b'\x1b[35m\x1b[1mConsolidate compiler generated dependencies of target listener\x1b[0m\n'}
[0.755544] (cpp_pubsub) StdoutLine: {'line': b'[ 50%] \x1b[32mBuilding CXX object CMakeFiles/talker.dir/src/publisher_member_function.cpp.o\x1b[0m\n'}
[0.755676] (cpp_pubsub) StdoutLine: {'line': b'[ 50%] \x1b[32mBuilding CXX object CMakeFiles/listener.dir/src/subscriber_member_function.cpp.o\x1b[0m\n'}
[0.800103] (-) TimerEvent: {}
[0.900339] (-) TimerEvent: {}
[1.000566] (-) TimerEvent: {}
[1.033098] (cpp_pubsub) StderrLine: {'line': b'\x1b[01m\x1b[K/home/isa/ros2_ws/src/cpp_pubsub/src/subscriber_member_function.cpp:5:10:\x1b[m\x1b[K \x1b[01;31m\x1b[Kfatal error: \x1b[m\x1b[Ktutorial_interfaces/msg/num.hpp: No such file or directory\n'}
[1.033256] (cpp_pubsub) StderrLine: {'line': b'    5 | #include \x1b[01;31m\x1b[K"tutorial_interfaces/msg/num.hpp"\x1b[m\x1b[K                                       // CHANGE\n'}
[1.033313] (cpp_pubsub) StderrLine: {'line': b'      |          \x1b[01;31m\x1b[K^~~~~~~~~~~~~~~~~~~~~~~~~~~~~~~~~\x1b[m\x1b[K\n'}
[1.033363] (cpp_pubsub) StderrLine: {'line': b'\x1b[01m\x1b[K/home/isa/ros2_ws/src/cpp_pubsub/src/publisher_member_function.cpp:5:10:\x1b[m\x1b[K \x1b[01;31m\x1b[Kfatal error: \x1b[m\x1b[Ktutorial_interfaces/msg/num.hpp: No such file or directory\n'}
[1.033412] (cpp_pubsub) StderrLine: {'line': b'    5 | #include \x1b[01;31m\x1b[K"tutorial_interfaces/msg/num.hpp"\x1b[m\x1b[K                                            // CHANGE\n'}
[1.033460] (cpp_pubsub) StderrLine: {'line': b'      |          \x1b[01;31m\x1b[K^~~~~~~~~~~~~~~~~~~~~~~~~~~~~~~~~\x1b[m\x1b[K\n'}
[1.033508] (cpp_pubsub) StderrLine: {'line': b'compilation terminated.\n'}
[1.033555] (cpp_pubsub) StderrLine: {'line': b'compilation terminated.\n'}
[1.036337] (cpp_pubsub) StderrLine: {'line': b'gmake[2]: *** [CMakeFiles/listener.dir/build.make:76: CMakeFiles/listener.dir/src/subscriber_member_function.cpp.o] Error 1\n'}
[1.036741] (cpp_pubsub) StderrLine: {'line': b'gmake[2]: *** [CMakeFiles/talker.dir/build.make:76: CMakeFiles/talker.dir/src/publisher_member_function.cpp.o] Error 1\n'}
[1.037150] (cpp_pubsub) StderrLine: {'line': b'gmake[1]: *** [CMakeFiles/Makefile2:165: CMakeFiles/listener.dir/all] Error 2\n'}
[1.037244] (cpp_pubsub) StderrLine: {'line': b'gmake[1]: *** Waiting for unfinished jobs....\n'}
[1.037342] (cpp_pubsub) StderrLine: {'line': b'gmake[1]: *** [CMakeFiles/Makefile2:139: CMakeFiles/talker.dir/all] Error 2\n'}
[1.037425] (cpp_pubsub) StderrLine: {'line': b'gmake: *** [Makefile:146: all] Error 2\n'}
[1.038987] (cpp_pubsub) CommandEnded: {'returncode': 2}
[1.076726] (cpp_pubsub) JobEnded: {'identifier': 'cpp_pubsub', 'rc': 2}
[1.087445] (-) EventReactorShutdown: {}
