<?xml version="1.0" encoding="utf-8"?><testsuites><testsuite name="pytest" errors="0" failures="0" skipped="0" tests="9" time="32.528" timestamp="2023-06-06T16:24:19.694334" hostname="isa-HP-ENVY-Laptop-13-aq0xxx"><testcase classname="launch_testing_examples.launch_testing_examples.check_msgs_launch_test" name="launch_testing_examples.check_msgs_launch_test" time="1.166" /><testcase classname="launch_testing_examples.launch_testing_examples.check_multiple_nodes_launch_test" name="launch_testing_examples.check_multiple_nodes_launch_test" time="21.817" /><testcase classname="launch_testing_examples.launch_testing_examples.check_node_launch_test" name="launch_testing_examples.check_node_launch_test" time="5.345" /><testcase classname="launch_testing_examples.launch_testing_examples.hello_world_launch_test" name="launch_testing_examples.hello_world_launch_test" time="0.004" /><testcase classname="launch_testing_examples.launch_testing_examples.record_rosbag_launch_test" name="launch_testing_examples.record_rosbag_launch_test" time="3.190" /><testcase classname="launch_testing_examples.launch_testing_examples.set_param_launch_test" name="launch_testing_examples.set_param_launch_test" time="0.376" /><testcase classname="launch_testing_examples.test.test_copyright" name="test_copyright" time="0.207" /><testcase classname="launch_testing_examples.test.test_flake8" name="test_flake8" time="0.090" /><testcase classname="launch_testing_examples.test.test_pep257" name="test_pep257" time="0.029" /></testsuite></testsuites>